[01:15:11] [main/INFO] (FabricLoader/GameProvider) Loading for game Minecraft 1.17.1
[01:15:11] [main/INFO] (FabricLoader) Loading 51 mods:
	- fabric 0.42.1+1.17
	- fabric-api-base 0.4.0+5847535018
	- fabric-api-lookup-api-v1 1.3.1+5847535018
	- fabric-biome-api-v1 3.2.2+5847535018
	- fabric-blockrenderlayer-v1 1.1.6+5847535018
	- fabric-command-api-v1 1.1.4+5847535018
	- fabric-commands-v0 0.2.3+5847535018
	- fabric-containers-v0 0.1.13+5847535018
	- fabric-content-registries-v0 0.3.1+5847535018
	- fabric-crash-report-info-v1 0.1.6+5847535018
	- fabric-dimensions-v1 2.0.13+5847535018
	- fabric-entity-events-v1 1.3.1+5847535018
	- fabric-events-interaction-v0 0.4.11+5847535018
	- fabric-events-lifecycle-v0 0.2.2+5847535018
	- fabric-game-rule-api-v1 1.0.8+5847535018
	- fabric-gametest-api-v1 1.0.2+5847535018
	- fabric-item-api-v1 1.2.5+5847535018
	- fabric-item-groups-v0 0.3.1+5847535018
	- fabric-key-binding-api-v1 1.0.5+5847535018
	- fabric-keybindings-v0 0.2.3+5847535018
	- fabric-lifecycle-events-v1 1.4.5+5847535018
	- fabric-loot-tables-v1 1.0.5+5847535018
	- fabric-mining-level-api-v1 1.0.2+6d0fac4218
	- fabric-mining-levels-v0 0.1.5+6d0fac4218
	- fabric-models-v0 0.3.1+5847535018
	- fabric-networking-api-v1 1.0.14+5847535018
	- fabric-networking-blockentity-v0 0.2.12+5847535018
	- fabric-networking-v0 0.3.3+5847535018
	- fabric-object-builder-api-v1 1.10.11+6d0fac4218
	- fabric-object-builders-v0 0.7.5+6d0fac4218
	- fabric-particles-v1 0.2.5+5847535018
	- fabric-registry-sync-v0 0.7.13+5847535018
	- fabric-renderer-api-v1 0.4.5+5847535018
	- fabric-renderer-indigo 0.4.9+5847535018
	- fabric-renderer-registries-v1 3.2.6+6d0fac4218
	- fabric-rendering-data-attachment-v1 0.1.6+5847535018
	- fabric-rendering-fluids-v1 0.2.1+6d0fac4218
	- fabric-rendering-v0 1.1.7+6d0fac4218
	- fabric-rendering-v1 1.10.1+6d0fac4218
	- fabric-resource-loader-v0 0.4.9+5847535018
	- fabric-screen-api-v1 1.0.5+5847535018
	- fabric-screen-handler-api-v1 1.1.9+5847535018
	- fabric-structure-api-v1 1.1.14+5847535018
	- fabric-tag-extensions-v0 1.2.2+5847535018
	- fabric-textures-v0 1.0.7+5847535018
	- fabric-tool-attribute-api-v1 1.3.1+eb76084f18
	- fabric-transfer-api-v1 1.5.1+6d0fac4218
	- fabricloader 0.12.5
	- java 16
	- minecraft 1.17.1
	- rubymod 0.0.1
[01:15:12] [main/INFO] (FabricLoader/Mixin) SpongePowered MIXIN Subsystem Version=0.8.4 Source=file:/C:/Users/jakib/.gradle/caches/modules-2/files-2.1/net.fabricmc/sponge-mixin/0.10.6+mixin.0.8.4/71f8ab094808b8ca0d7b572413642c88170bef0d/sponge-mixin-0.10.6+mixin.0.8.4.jar Service=Knot/Fabric Env=CLIENT
[01:15:13] [main/INFO] (FabricLoader/Mixin) Loaded Fabric development mappings for mixin remapper!
[01:15:13] [main/INFO] (FabricLoader/Mixin) Compatibility level set to JAVA_16
[01:15:17] [main/WARN] (FileUtil) Configuration conflict: there is more than one oshi.properties file on the classpath
[01:15:18] [main/WARN] (FileUtil) Configuration conflict: there is more than one oshi.architecture.properties file on the classpath
[01:15:27] [Render thread/INFO] (Minecraft) Environment: authHost='https://authserver.mojang.com', accountsHost='https://api.mojang.com', sessionHost='https://sessionserver.mojang.com', servicesHost='https://api.minecraftservices.com', name='PROD'
[01:15:29] [Render thread/ERROR] (Minecraft) Failed to verify authentication
com.mojang.authlib.exceptions.InvalidCredentialsException: Status: 401
	at com.mojang.authlib.exceptions.MinecraftClientHttpException.toAuthenticationException(MinecraftClientHttpException.java:56) ~[authlib-2.3.31.jar:?]
	at com.mojang.authlib.yggdrasil.YggdrasilSocialInteractionsService.checkPrivileges(YggdrasilSocialInteractionsService.java:112) ~[authlib-2.3.31.jar:?]
	at com.mojang.authlib.yggdrasil.YggdrasilSocialInteractionsService.<init>(YggdrasilSocialInteractionsService.java:42) ~[authlib-2.3.31.jar:?]
	at com.mojang.authlib.yggdrasil.YggdrasilAuthenticationService.createSocialInteractionsService(YggdrasilAuthenticationService.java:151) ~[authlib-2.3.31.jar:?]
	at net.minecraft.client.MinecraftClient.createSocialInteractionsService(MinecraftClient.java:669) [minecraft-mapped.jar:?]
	at net.minecraft.client.MinecraftClient.<init>(MinecraftClient.java:503) [minecraft-mapped.jar:?]
	at net.minecraft.client.main.Main.main(Main.java:161) [minecraft-mapped.jar:?]
	at jdk.internal.reflect.NativeMethodAccessorImpl.invoke0(Native Method) ~[?:?]
	at jdk.internal.reflect.NativeMethodAccessorImpl.invoke(NativeMethodAccessorImpl.java:78) ~[?:?]
	at jdk.internal.reflect.DelegatingMethodAccessorImpl.invoke(DelegatingMethodAccessorImpl.java:43) ~[?:?]
	at java.lang.reflect.Method.invoke(Method.java:567) ~[?:?]
	at net.fabricmc.loader.impl.game.minecraft.MinecraftGameProvider.launch(MinecraftGameProvider.java:568) [fabric-loader-0.12.5.jar:?]
	at net.fabricmc.loader.impl.launch.knot.Knot.launch(Knot.java:74) [fabric-loader-0.12.5.jar:?]
	at net.fabricmc.loader.impl.launch.knot.KnotClient.main(KnotClient.java:23) [fabric-loader-0.12.5.jar:?]
	at net.fabricmc.devlaunchinjector.Main.main(Main.java:86) [dev-launch-injector-0.2.1+build.8.jar:?]
Caused by: com.mojang.authlib.exceptions.MinecraftClientHttpException: Status: 401
	at com.mojang.authlib.minecraft.client.MinecraftClient.readInputStream(MinecraftClient.java:77) ~[authlib-2.3.31.jar:?]
	at com.mojang.authlib.minecraft.client.MinecraftClient.get(MinecraftClient.java:47) ~[authlib-2.3.31.jar:?]
	at com.mojang.authlib.yggdrasil.YggdrasilSocialInteractionsService.checkPrivileges(YggdrasilSocialInteractionsService.java:104) ~[authlib-2.3.31.jar:?]
	... 13 more
[01:15:29] [Render thread/INFO] (Minecraft) Setting user: Player263
[01:15:29] [Render thread/WARN] (FabricLoader/Mixin) @Inject(@At("INVOKE")) Shift.BY=3 on fabric-lifecycle-events-v1.mixins.json:client.WorldChunkMixin::handler$zei000$onLoadBlockEntity exceeds the maximum allowed value: 0. Increase the value of maxShiftBy to suppress this warning.
[01:15:29] [Render thread/INFO] (Indigo) [Indigo] Registering Indigo renderer!
[01:15:30] [Render thread/INFO] (Minecraft) Backend library: LWJGL version 3.2.2 build 10
[01:15:44] [Render thread/INFO] (Minecraft) Narrator library for x64 successfully loaded
[01:15:45] [Render thread/INFO] (Minecraft) Reloading ResourceManager: Default, Fabric Mods (Fabric Loot Tables (v1), Fabric Key Binding API (v1), Fabric Tool Attribute API (v1), Fabric Networking Block Entity (v0), Fabric Dimensions API (v1), Fabric Events Lifecycle (v0), Fabric Rendering (v1), Fabric Rendering Fluids (v1), Fabric BlockRenderLayer Registration (v1), Fabric Renderer - Indigo, Fabric Item Groups (v0), Fabric Loader, Fabric Entity Events (v1), Fabric Object Builder API (v1), Fabric Game Test API (v1), Fabric Networking (v0), Fabric Screen API (v1), My first mod, Fabric Item API (v1), Fabric Resource Loader (v0), Fabric Events Interaction (v0), Fabric Lifecycle Events (v1), Fabric Transfer API (v1), Fabric Command API (v1), Fabric Registry Sync (v0), Fabric Rendering (v0), Fabric Content Registries (v0), Fabric Screen Handler API (v1), Fabric Key Bindings (v0), Fabric API Lookup API (v1), Fabric Renderer API (v1), Fabric Containers (v0), Fabric Mining Levels (v0), Fabric Tag Extensions (v0), Fabric Crash Report Info (v1), Fabric Game Rule API (v1), Fabric Renderer Registries (v1), Fabric Particles (v1), Fabric Textures (v0), Fabric API Base, Fabric Object Builders (v0), Fabric Mining Level API (v1), Fabric Models (v0), Fabric Commands (v0), Fabric Structure API (v1), Fabric API, Fabric Rendering Data Attachment (v1), Fabric Biome API (v1), Fabric Networking API (v1))
[01:15:47] [Realms Notification Availability checker #1/INFO] (Minecraft) Could not authorize you against Realms server: Invalid session id
[01:15:51] [Render thread/INFO] (Minecraft) OpenAL initialized.
[01:15:51] [Render thread/INFO] (Minecraft) Sound engine started
[01:15:51] [Render thread/INFO] (Minecraft) Created: 1024x1024x4 minecraft:textures/atlas/blocks.png-atlas
[01:15:51] [Render thread/INFO] (Minecraft) Created: 256x128x4 minecraft:textures/atlas/signs.png-atlas
[01:15:51] [Render thread/INFO] (Minecraft) Created: 1024x512x4 minecraft:textures/atlas/banner_patterns.png-atlas
[01:15:51] [Render thread/INFO] (Minecraft) Created: 1024x512x4 minecraft:textures/atlas/shield_patterns.png-atlas
[01:15:51] [Render thread/INFO] (Minecraft) Created: 256x256x4 minecraft:textures/atlas/chest.png-atlas
[01:15:51] [Render thread/INFO] (Minecraft) Created: 512x256x4 minecraft:textures/atlas/beds.png-atlas
[01:15:51] [Render thread/INFO] (Minecraft) Created: 512x256x4 minecraft:textures/atlas/shulker_boxes.png-atlas
[01:15:54] [Render thread/INFO] (Minecraft) Created: 256x256x0 minecraft:textures/atlas/particles.png-atlas
[01:15:54] [Render thread/INFO] (Minecraft) Created: 256x256x0 minecraft:textures/atlas/paintings.png-atlas
[01:15:54] [Render thread/INFO] (Minecraft) Created: 256x128x0 minecraft:textures/atlas/mob_effects.png-atlas
[01:16:03] [Render thread/WARN] (Minecraft) Ambiguity between arguments [teleport, location] and [teleport, destination] with inputs: [0.1 -0.5 .9, 0 0 0]
[01:16:03] [Render thread/WARN] (Minecraft) Ambiguity between arguments [teleport, location] and [teleport, targets] with inputs: [0.1 -0.5 .9, 0 0 0]
[01:16:03] [Render thread/WARN] (Minecraft) Ambiguity between arguments [teleport, destination] and [teleport, targets] with inputs: [Player, 0123, @e, dd12be42-52a9-4a91-a8a1-11c01849e498]
[01:16:03] [Render thread/WARN] (Minecraft) Ambiguity between arguments [teleport, targets] and [teleport, destination] with inputs: [Player, 0123, dd12be42-52a9-4a91-a8a1-11c01849e498]
[01:16:03] [Render thread/WARN] (Minecraft) Ambiguity between arguments [teleport, targets, location] and [teleport, targets, destination] with inputs: [0.1 -0.5 .9, 0 0 0]
[01:16:03] [Render thread/INFO] (Minecraft) Reloading ResourceManager: Default, Fabric Mods (Fabric Tool Attribute API (v1), Fabric Game Test API (v1), My first mod)
[01:16:04] [Render thread/INFO] (Minecraft) Loaded 7 recipes
[01:16:04] [Render thread/INFO] (Minecraft) Loaded 1137 advancements
[01:16:05] [Render thread/INFO] (BiomeModificationImpl) Applied 0 biome modifications to 0 of 81 new biomes in 2.111 ms
[01:16:06] [Render thread/INFO] (Minecraft) Environment: authHost='https://authserver.mojang.com', accountsHost='https://api.mojang.com', sessionHost='https://sessionserver.mojang.com', servicesHost='https://api.minecraftservices.com', name='PROD'
[01:16:06] [Server thread/INFO] (Minecraft) Starting integrated minecraft server version 1.17.1
[01:16:06] [Server thread/INFO] (Minecraft) Generating keypair
[01:16:07] [Server thread/INFO] (Minecraft) Preparing start region for dimension minecraft:overworld
[01:16:07] [Render thread/INFO] (Minecraft) Preparing spawn area: 0%
[01:16:10] [Render thread/INFO] (Minecraft) Preparing spawn area: 0%
[01:16:10] [Render thread/INFO] (Minecraft) Preparing spawn area: 0%
[01:16:10] [Render thread/INFO] (Minecraft) Preparing spawn area: 0%
[01:16:10] [Render thread/INFO] (Minecraft) Preparing spawn area: 0%
[01:16:10] [Render thread/INFO] (Minecraft) Preparing spawn area: 0%
[01:16:10] [Render thread/INFO] (Minecraft) Preparing spawn area: 0%
[01:16:10] [Render thread/INFO] (Minecraft) Preparing spawn area: 0%
[01:16:11] [Render thread/INFO] (Minecraft) Preparing spawn area: 22%
[01:16:11] [Render thread/INFO] (Minecraft) Preparing spawn area: 89%
[01:16:12] [Render thread/INFO] (Minecraft) Preparing spawn area: 93%
[01:16:12] [Render thread/INFO] (Minecraft) Time elapsed: 5341 ms
[01:16:12] [Server thread/INFO] (Minecraft) Changing view distance to 11, from 10
[01:16:13] [Server thread/INFO] (Minecraft) Player263[local:E:0b3a0f11] logged in with entity id 164 at (79.94783797854063, 71.0, -481.1162130367808)
[01:16:13] [Server thread/INFO] (Minecraft) Player263 joined the game
[01:16:13] [Server thread/INFO] (Minecraft) Player263 has reached the goal [Sky's the Limit]
[01:16:13] [Server thread/INFO] (Minecraft) Player263 has made the advancement [Ice Bucket Challenge]
[01:16:13] [Render thread/INFO] (Minecraft) [CHAT] Player263 has reached the goal [Sky's the Limit]
[01:16:13] [Render thread/INFO] (Minecraft) [CHAT] Player263 has made the advancement [Ice Bucket Challenge]
[01:16:14] [Render thread/INFO] (Minecraft) Loaded 18 advancements
[01:16:31] [Server thread/INFO] (Minecraft) Saving and pausing game...
[01:16:31] [Server thread/INFO] (Minecraft) Saving chunks for level 'ServerLevel[New World]'/minecraft:overworld
[01:16:32] [Server thread/INFO] (Minecraft) Saving chunks for level 'ServerLevel[New World]'/minecraft:the_nether
[01:16:32] [Server thread/INFO] (Minecraft) Saving chunks for level 'ServerLevel[New World]'/minecraft:the_end
[01:16:36] [Server thread/INFO] (Minecraft) [Player263: Set own game mode to Survival Mode]
[01:16:36] [Render thread/INFO] (Minecraft) [CHAT] Set own game mode to Survival Mode
[01:16:43] [Server thread/INFO] (Minecraft) [Player263: Set own game mode to Creative Mode]
[01:16:43] [Render thread/INFO] (Minecraft) [CHAT] Set own game mode to Creative Mode
[01:17:50] [Server thread/INFO] (Minecraft) [Player263: Set own game mode to Survival Mode]
[01:17:50] [Render thread/INFO] (Minecraft) [CHAT] Set own game mode to Survival Mode
[01:17:55] [Server thread/INFO] (Minecraft) [Player263: Set own game mode to Creative Mode]
[01:17:55] [Render thread/INFO] (Minecraft) [CHAT] Set own game mode to Creative Mode
[01:18:04] [Render thread/INFO] (Minecraft) Loaded 19 advancements
[01:18:09] [Server thread/INFO] (Minecraft) [Player263: Set own game mode to Survival Mode]
[01:18:09] [Render thread/INFO] (Minecraft) [CHAT] Set own game mode to Survival Mode
[01:18:11] [Server thread/INFO] (Minecraft) Player263 has made the advancement [Sweet Dreams]
[01:18:11] [Render thread/INFO] (Minecraft) [CHAT] Respawn point set
[01:18:11] [Render thread/INFO] (Minecraft) [CHAT] Player263 has made the advancement [Sweet Dreams]
[01:18:11] [Render thread/INFO] (Minecraft) Loaded 22 advancements
[01:18:32] [Server thread/INFO] (Minecraft) [Player263: Set own game mode to Creative Mode]
[01:18:32] [Render thread/INFO] (Minecraft) [CHAT] Set own game mode to Creative Mode
[01:19:31] [Server thread/INFO] (Minecraft) [Player263: Set own game mode to Survival Mode]
[01:19:31] [Render thread/INFO] (Minecraft) [CHAT] Set own game mode to Survival Mode
[01:19:41] [Server thread/INFO] (Minecraft) Saving and pausing game...
[01:19:41] [Server thread/INFO] (Minecraft) Saving chunks for level 'ServerLevel[New World]'/minecraft:overworld
[01:19:41] [Server thread/INFO] (Minecraft) Saving chunks for level 'ServerLevel[New World]'/minecraft:the_nether
[01:19:41] [Server thread/INFO] (Minecraft) Saving chunks for level 'ServerLevel[New World]'/minecraft:the_end
[01:19:42] [Server thread/INFO] (Minecraft) Player263 lost connection: Disconnected
[01:19:42] [Server thread/INFO] (Minecraft) Player263 left the game
[01:19:42] [Server thread/INFO] (Minecraft) Stopping singleplayer server as player logged out
[01:19:42] [Server thread/INFO] (Minecraft) Stopping server
[01:19:42] [Server thread/INFO] (Minecraft) Saving players
[01:19:42] [Server thread/INFO] (Minecraft) Saving worlds
[01:19:42] [Server thread/INFO] (Minecraft) Saving chunks for level 'ServerLevel[New World]'/minecraft:overworld
[01:19:42] [Server thread/INFO] (Minecraft) Saving chunks for level 'ServerLevel[New World]'/minecraft:the_nether
[01:19:42] [Server thread/INFO] (Minecraft) Saving chunks for level 'ServerLevel[New World]'/minecraft:the_end
[01:19:42] [Server thread/INFO] (Minecraft) ThreadedAnvilChunkStorage (New World): All chunks are saved
[01:19:42] [Server thread/INFO] (Minecraft) ThreadedAnvilChunkStorage (DIM-1): All chunks are saved
[01:19:42] [Server thread/INFO] (Minecraft) ThreadedAnvilChunkStorage (DIM1): All chunks are saved
[01:19:42] [Server thread/INFO] (Minecraft) ThreadedAnvilChunkStorage: All dimensions are saved
[01:19:43] [Render thread/INFO] (Minecraft) Stopping!
